<?xml version="1.0" encoding="UTF-8"?>
<!-- Generated by org.testng.reporters.JUnitReportReporter -->
<testsuite hostname="Faruq" failures="0" tests="1" name="com.SeleniumAssesment.dropdown.DropDown" time="2.869" errors="0" timestamp="2023-10-10T20:53:52 EDT" skipped="0">
  <testcase classname="com.SeleniumAssesment.dropdown.DropDown" name="whatIsDropDown" time="2.869"/>
</testsuite> <!-- com.SeleniumAssesment.dropdown.DropDown -->
