<?xml version="1.0" encoding="UTF-8"?>
<!-- Generated by org.testng.reporters.JUnitReportReporter -->
<testsuite hostname="Faruq" failures="0" tests="1" name="com.SeleniumAssesment.searchContext.WebDriverMethodQuestions" time="3.366" errors="0" timestamp="2023-10-10T19:38:53 EDT" skipped="0">
  <testcase classname="com.SeleniumAssesment.searchContext.WebDriverMethodQuestions" name="getFacebookNavigate" time="3.366"/>
</testsuite> <!-- com.SeleniumAssesment.searchContext.WebDriverMethodQuestions -->
