<?xml version="1.0" encoding="UTF-8"?>
<!-- Generated by org.testng.reporters.JUnitReportReporter -->
<testsuite skipped="0" hostname="DESKTOP-INQUNRP" name="com.TotalQa.SeleniumWebDriverOnlineQuiz$WebDriverManagerTest" tests="1" failures="0" timestamp="2020-11-05T12:47:10 EST" time="0.097" errors="0">
  <testcase name="getTitle" time="0.097" classname="com.TotalQa.SeleniumWebDriverOnlineQuiz$WebDriverManagerTest"/>
</testsuite> <!-- com.TotalQa.SeleniumWebDriverOnlineQuiz$WebDriverManagerTest -->
