<?xml version="1.0" encoding="UTF-8"?>
<!-- Generated by org.testng.reporters.JUnitReportReporter -->
<testsuite skipped="0" hostname="DESKTOP-INQUNRP" name="com.SeleniumOnlineAssesment.WebDriverManagerTest" tests="1" failures="0" timestamp="2020-11-05T12:39:05 EST" time="0.019" errors="0">
  <testcase name="getTitle" time="0.019" classname="com.SeleniumOnlineAssesment.WebDriverManagerTest"/>
</testsuite> <!-- com.SeleniumOnlineAssesment.WebDriverManagerTest -->
