<?xml version="1.0" encoding="UTF-8"?>
<!-- Generated by org.testng.reporters.JUnitReportReporter -->
<testsuite hostname="Faruq" failures="0" tests="4" name="com.SeleniumRegularInterviewQuestion.Q_20_CSS" time="3.408" errors="0" timestamp="2022-03-24T19:50:55 EDT" skipped="0">
  <testcase classname="com.SeleniumRegularInterviewQuestion.Q_20_CSS" name="regularCss" time="0.065"/>
  <testcase classname="com.SeleniumRegularInterviewQuestion.Q_20_CSS" name="twoAttributeTest" time="0.065"/>
  <testcase classname="com.SeleniumRegularInterviewQuestion.Q_20_CSS" name="startWithAttributeTest" time="0.000"/>
  <testcase classname="com.SeleniumRegularInterviewQuestion.Q_20_CSS" name="SubstringTest" time="3.278"/>
</testsuite> <!-- com.SeleniumRegularInterviewQuestion.Q_20_CSS -->
