<?xml version="1.0" encoding="UTF-8"?>
<!-- Generated by org.testng.reporters.JUnitReportReporter -->
<testsuite skipped="0" hostname="DESKTOP-INQUNRP" name="com.SeleniumOnlineAssesment.SystemPropertiesTest" tests="1" failures="0" timestamp="2020-11-05T12:30:47 EST" time="0.031" errors="0">
  <testcase name="getTitle" time="0.031" classname="com.SeleniumOnlineAssesment.SystemPropertiesTest"/>
</testsuite> <!-- com.SeleniumOnlineAssesment.SystemPropertiesTest -->
