<?xml version="1.0" encoding="UTF-8"?>
<!-- Generated by org.testng.reporters.JUnitReportReporter -->
<testsuite skipped="0" hostname="DESKTOP-INQUNRP" name="com.TotalQa.SeleniumWebDriverOnlineQuiz" tests="1" failures="0" timestamp="2020-11-05T12:47:55 EST" time="0.098" errors="0">
  <testcase name="getTitle" time="0.098" classname="com.TotalQa.SeleniumWebDriverOnlineQuiz"/>
</testsuite> <!-- com.TotalQa.SeleniumWebDriverOnlineQuiz -->
