<?xml version="1.0" encoding="UTF-8"?>
<!-- Generated by org.testng.reporters.JUnitReportReporter -->
<testsuite skipped="4" hostname="DESKTOP-INQUNRP" name="com.TotalQa.WebElementsest" tests="5" failures="0" timestamp="2020-11-05T19:08:47 EST" time="0.064" errors="0">
  <testcase name="isDisplay" time="0.064" classname="com.TotalQa.WebElementsest"/>
  <testcase name="ListOfWebElement" classname="com.TotalQa.WebElementsest">
    <skipped/>
  </testcase> <!-- ListOfWebElement -->
  <testcase name="webDriver" classname="com.TotalQa.WebElementsest">
    <skipped/>
  </testcase> <!-- webDriver -->
  <testcase name="get" classname="com.TotalQa.WebElementsest">
    <skipped/>
  </testcase> <!-- get -->
  <testcase name="by" classname="com.TotalQa.WebElementsest">
    <skipped/>
  </testcase> <!-- by -->
</testsuite> <!-- com.TotalQa.WebElementsest -->
