<?xml version="1.0" encoding="UTF-8"?>
<!-- Generated by org.testng.reporters.JUnitReportReporter -->
<testsuite skipped="2" hostname="DESKTOP-INQUNRP" name="com.TotalQa.Navigation" tests="3" failures="0" timestamp="2020-11-05T16:44:14 EST" time="10.403" errors="0">
  <testcase name="switchTabWindow" time="10.403" classname="com.TotalQa.Navigation"/>
  <testcase name="navigation" classname="com.TotalQa.Navigation">
    <skipped/>
  </testcase> <!-- navigation -->
  <testcase name="backGrounColor" classname="com.TotalQa.Navigation">
    <skipped/>
  </testcase> <!-- backGrounColor -->
</testsuite> <!-- com.TotalQa.Navigation -->
